<?xml version="1.0" encoding="UTF-8"?>
<!-- Generated by org.testng.reporters.JUnitReportReporter -->
<testsuite skipped="0" hostname="DESKTOP-61K5O6V" name="APITesting.com.org.api.WeathergetRequest" tests="1" failures="0" timestamp="2021-06-13T23:02:28 IST" time="3.004" errors="0">
  <testcase name="test_09" time="3.004" classname="APITesting.com.org.api.WeathergetRequest"/>
  <system-out/>
</testsuite> <!-- APITesting.com.org.api.WeathergetRequest -->
