<?xml version="1.0" encoding="UTF-8"?>
<!-- Generated by org.testng.reporters.JUnitReportReporter -->
<testsuite skipped="0" hostname="DESKTOP-61K5O6V" name="APITesting.com.org.api.JsonServerRequest" tests="1" failures="0" timestamp="2021-06-15T00:23:06 IST" time="1.835" errors="0">
  <testcase name="test_01" time="1.835" classname="APITesting.com.org.api.JsonServerRequest"/>
  <system-out/>
</testsuite> <!-- APITesting.com.org.api.JsonServerRequest -->
